app/build/outputs/logs/manifest-merger-dev-debug-report.txt
-- Merging decision tree log ---
manifest
ADDED from src/main/AndroidManifest.xml:2:1-179:12
INJECTED from src/main/AndroidManifest.xml:2:1-179:12
INJECTED from src/main/AndroidManifest.xml:2:1-179:12
INJECTED from src/main/AndroidManifest.xml:2:1-179:12
MERGED from [com.google.android.gms:play-services:6.1.71] AndroidManifest.xml:14:223-17:12
MERGED from [com.android.support:appcompat-v7:28.0.0-alpha1] AndroidManifest.xml:17:1-23:12
MERGED from [com.sromku:simple-fb:4.0.6] AndroidManifest.xml:2:1-14:12
MERGED from [com.facebook.android:facebook-android-sdk:4.3.0] AndroidManifest.xml:21:1-30:12
MERGED from [com.android.support:support-v4:28.0.0-alpha1] AndroidManifest.xml:17:1-23:12
MERGED from [com.android.support:multidex:1.0.0] AndroidManifest.xml:16:1-19:12
MERGED from [:androiddatepickerLibrary] AndroidManifest.xml:2:1-11:12
MERGED from [:androidnumberpickerLibrary] AndroidManifest.xml:2:1-11:12
MERGED from [com.kakao.sdk:kakaolink:1.1.2] AndroidManifest.xml:2:1-14:12
MERGED from [com.kakao.sdk:kakaostory:1.1.2] AndroidManifest.xml:2:1-14:12
MERGED from [com.kakao.sdk:kakaotalk:1.1.2] AndroidManifest.xml:2:1-14:12
MERGED from [com.kakao.sdk:usermgmt:1.1.2] AndroidManifest.xml:2:1-14:12
MERGED from [com.android.support:support-fragment:28.0.0-alpha1] AndroidManifest.xml:17:1-23:12
MERGED from [com.android.support:animated-vector-drawable:28.0.0-alpha1] AndroidManifest.xml:17:1-23:12
MERGED from [com.android.support:support-core-ui:28.0.0-alpha1] AndroidManifest.xml:17:1-23:12
MERGED from [com.android.support:support-core-utils:28.0.0-alpha1] AndroidManifest.xml:17:1-23:12
MERGED from [com.android.support:support-vector-drawable:28.0.0-alpha1] AndroidManifest.xml:17:1-22:12
MERGED from [com.android.support:loader:28.0.0-alpha1] AndroidManifest.xml:17:1-23:12
MERGED from [com.android.support:viewpager:28.0.0-alpha1] AndroidManifest.xml:17:1-23:12
MERGED from [com.android.support:coordinatorlayout:28.0.0-alpha1] AndroidManifest.xml:17:1-23:12
MERGED from [com.android.support:drawerlayout:28.0.0-alpha1] AndroidManifest.xml:17:1-23:12
MERGED from [com.android.support:slidingpanelayout:28.0.0-alpha1] AndroidManifest.xml:17:1-23:12
MERGED from [com.android.support:customview:28.0.0-alpha1] AndroidManifest.xml:17:1-23:12
MERGED from [com.android.support:swiperefreshlayout:28.0.0-alpha1] AndroidManifest.xml:17:1-23:12
MERGED from [com.android.support:asynclayoutinflater:28.0.0-alpha1] AndroidManifest.xml:17:1-23:12
MERGED from [com.android.support:support-media-compat:28.0.0-alpha1] AndroidManifest.xml:17:1-23:12
MERGED from [com.android.support:support-compat:28.0.0-alpha1] AndroidManifest.xml:17:1-23:12
MERGED from [com.android.support:documentfile:28.0.0-alpha1] AndroidManifest.xml:17:1-23:12
MERGED from [com.android.support:localbroadcastmanager:28.0.0-alpha1] AndroidManifest.xml:17:1-23:12
MERGED from [com.android.support:print:28.0.0-alpha1] AndroidManifest.xml:17:1-23:12
MERGED from [com.android.support:interpolator:28.0.0-alpha1] AndroidManifest.xml:17:1-23:12
MERGED from [com.android.support:cursoradapter:28.0.0-alpha1] AndroidManifest.xml:17:1-23:12
MERGED from [:androidcalendarviewLibrary] AndroidManifest.xml:2:1-11:12
MERGED from [com.kakao.sdk:auth:1.1.2] AndroidManifest.xml:2:1-14:12
MERGED from [com.kakao.sdk:util:1.1.2] AndroidManifest.xml:2:1-14:12
MERGED from [android.arch.lifecycle:viewmodel:1.1.0] AndroidManifest.xml:17:1-22:12
MERGED from [android.arch.lifecycle:runtime:1.1.0] AndroidManifest.xml:17:1-22:12
MERGED from [android.arch.lifecycle:livedata-core:1.1.0] AndroidManifest.xml:17:1-22:12
MERGED from [android.arch.core:runtime:1.1.0] AndroidManifest.xml:17:1-22:12
INJECTED from src/main/AndroidManifest.xml:2:1-179:12
INJECTED from src/main/AndroidManifest.xml:2:1-179:12
INJECTED from src/main/AndroidManifest.xml:2:1-179:12
	package
		ADDED from src/main/AndroidManifest.xml:3:5-30
		INJECTED from src/main/AndroidManifest.xml
		INJECTED from src/main/AndroidManifest.xml
	android:versionName
		INJECTED from src/main/AndroidManifest.xml
		ADDED from src/main/AndroidManifest.xml:2:1-179:12
		INJECTED from src/main/AndroidManifest.xml
	android:versionCode
		INJECTED from src/main/AndroidManifest.xml
		ADDED from src/main/AndroidManifest.xml:2:1-179:12
		INJECTED from src/main/AndroidManifest.xml
	xmlns:android
		ADDED from src/main/AndroidManifest.xml:2:11-69
uses-permission#android.permission.INTERNET
ADDED from src/main/AndroidManifest.xml:6:5-66
	android:name
		ADDED from src/main/AndroidManifest.xml:6:22-64
uses-permission#android.permission.ACCESS_NETWORK_STATE
ADDED from src/main/AndroidManifest.xml:9:5-79
	android:name
		ADDED from src/main/AndroidManifest.xml:9:22-76
uses-permission#android.permission.GET_ACCOUNTS
ADDED from src/main/AndroidManifest.xml:12:5-71
	android:name
		ADDED from src/main/AndroidManifest.xml:12:22-68
uses-permission#android.permission.WAKE_LOCK
ADDED from src/main/AndroidManifest.xml:15:5-68
	android:name
		ADDED from src/main/AndroidManifest.xml:15:22-65
permission#com.nuums.nuums.permission.C2D_MESSAGE
ADDED from src/main/AndroidManifest.xml:19:5-21:47
	android:protectionLevel
		ADDED from src/main/AndroidManifest.xml:21:9-44
	android:name
		ADDED from src/main/AndroidManifest.xml:20:9-62
uses-permission#com.nuums.nuums.permission.C2D_MESSAGE
ADDED from src/main/AndroidManifest.xml:23:5-78
	android:name
		ADDED from src/main/AndroidManifest.xml:23:22-75
uses-permission#com.google.android.c2dm.permission.RECEIVE
ADDED from src/main/AndroidManifest.xml:26:5-82
	android:name
		ADDED from src/main/AndroidManifest.xml:26:22-79
uses-permission#android.permission.CAMERA
ADDED from src/main/AndroidManifest.xml:29:5-65
	android:name
		ADDED from src/main/AndroidManifest.xml:29:22-62
uses-permission#android.permission.WRITE_EXTERNAL_STORAGE
ADDED from src/main/AndroidManifest.xml:31:5-81
	android:name
		ADDED from src/main/AndroidManifest.xml:31:22-78
uses-permission#android.permission.READ_EXTERNAL_STORAGE
ADDED from src/main/AndroidManifest.xml:32:5-80
	android:name
		ADDED from src/main/AndroidManifest.xml:32:22-77
uses-permission#android.permission.GET_TASKS
ADDED from src/main/AndroidManifest.xml:34:5-68
	android:name
		ADDED from src/main/AndroidManifest.xml:34:22-65
uses-permission#android.permission.ACCESS_COARSE_LOCATION
ADDED from src/main/AndroidManifest.xml:42:5-81
	android:name
		ADDED from src/main/AndroidManifest.xml:42:22-78
uses-permission#android.permission.ACCESS_FINE_LOCATION
ADDED from src/main/AndroidManifest.xml:43:5-79
	android:name
		ADDED from src/main/AndroidManifest.xml:43:22-76
uses-permission#android.permission.CALL_PHONE
ADDED from src/main/AndroidManifest.xml:45:5-69
	android:name
		ADDED from src/main/AndroidManifest.xml:45:22-66
uses-permission#android.permission.READ_PHONE_STATE
ADDED from src/main/AndroidManifest.xml:46:5-74
	android:name
		ADDED from src/main/AndroidManifest.xml:46:22-72
application
ADDED from src/main/AndroidManifest.xml:48:5-177:19
MERGED from [com.google.android.gms:play-services:6.1.71] AndroidManifest.xml:16:5-19
MERGED from [com.google.android.gms:play-services:6.1.71] AndroidManifest.xml:16:5-19
MERGED from [com.sromku:simple-fb:4.0.6] AndroidManifest.xml:12:5-20
MERGED from [com.sromku:simple-fb:4.0.6] AndroidManifest.xml:12:5-20
MERGED from [com.facebook.android:facebook-android-sdk:4.3.0] AndroidManifest.xml:28:5-20
MERGED from [com.facebook.android:facebook-android-sdk:4.3.0] AndroidManifest.xml:28:5-20
	android:label
		ADDED from src/main/AndroidManifest.xml:51:9-41
	android:icon
		ADDED from src/main/AndroidManifest.xml:50:9-36
	android:allowBackup
		ADDED from src/main/AndroidManifest.xml:49:9-35
	android:theme
		ADDED from src/main/AndroidManifest.xml:52:9-41
	android:name
		ADDED from src/main/AndroidManifest.xml:53:9-37
meta-data#com.google.android.gms.version
ADDED from src/main/AndroidManifest.xml:55:9-57:69
	android:value
		ADDED from src/main/AndroidManifest.xml:57:13-66
	android:name
		ADDED from src/main/AndroidManifest.xml:56:13-58
meta-data#com.google.android.maps.v2.API_KEY
ADDED from src/main/AndroidManifest.xml:59:9-61:55
	android:value
		ADDED from src/main/AndroidManifest.xml:61:13-52
	android:name
		ADDED from src/main/AndroidManifest.xml:60:13-62
meta-data#com.kakao.sdk.AppKey
ADDED from src/main/AndroidManifest.xml:63:9-65:53
	android:value
		ADDED from src/main/AndroidManifest.xml:65:13-50
	android:name
		ADDED from src/main/AndroidManifest.xml:64:13-48
activity#com.nuums.nuums.activity.SplashActivity
ADDED from src/main/AndroidManifest.xml:69:9-77:20
	android:screenOrientation
		ADDED from src/main/AndroidManifest.xml:71:13-49
	android:theme
		ADDED from src/main/AndroidManifest.xml:72:13-66
	android:name
		ADDED from src/main/AndroidManifest.xml:70:13-52
intent-filter#action:name:android.intent.action.MAIN+category:name:android.intent.category.LAUNCHER
ADDED from src/main/AndroidManifest.xml:73:13-76:29
action#android.intent.action.MAIN
ADDED from src/main/AndroidManifest.xml:74:17-69
	android:name
		ADDED from src/main/AndroidManifest.xml:74:25-66
category#android.intent.category.LAUNCHER
ADDED from src/main/AndroidManifest.xml:75:17-77
	android:name
		ADDED from src/main/AndroidManifest.xml:75:27-74
activity#com.nuums.nuums.activity.MainActivity
ADDED from src/main/AndroidManifest.xml:79:9-84:20
	android:screenOrientation
		ADDED from src/main/AndroidManifest.xml:83:13-49
	android:launchMode
		ADDED from src/main/AndroidManifest.xml:82:13-44
	android:windowSoftInputMode
		ADDED from src/main/AndroidManifest.xml:81:13-52
	android:name
		ADDED from src/main/AndroidManifest.xml:80:13-50
activity#com.nuums.nuums.activity.BaseActivity
ADDED from src/main/AndroidManifest.xml:86:9-98:20
	android:screenOrientation
		ADDED from src/main/AndroidManifest.xml:89:13-49
	android:windowSoftInputMode
		ADDED from src/main/AndroidManifest.xml:88:13-54
	android:name
		ADDED from src/main/AndroidManifest.xml:87:13-50
intent-filter#action:name:android.intent.action.VIEW+action:name:android.location.PROVIDERS_CHANGED+category:name:android.intent.category.BROWSABLE+category:name:android.intent.category.DEFAULT+data:host:@string/kakaolink_host+data:scheme:@string/kakao_scheme
ADDED from src/main/AndroidManifest.xml:91:13-97:29
action#android.intent.action.VIEW
ADDED from src/main/AndroidManifest.xml:92:17-68
	android:name
		ADDED from src/main/AndroidManifest.xml:92:25-66
category#android.intent.category.DEFAULT
ADDED from src/main/AndroidManifest.xml:93:17-75
	android:name
		ADDED from src/main/AndroidManifest.xml:93:27-73
category#android.intent.category.BROWSABLE
ADDED from src/main/AndroidManifest.xml:94:17-77
	android:name
		ADDED from src/main/AndroidManifest.xml:94:27-75
data
ADDED from src/main/AndroidManifest.xml:95:17-101
	android:host
		ADDED from src/main/AndroidManifest.xml:95:61-98
	android:scheme
		ADDED from src/main/AndroidManifest.xml:95:23-60
action#android.location.PROVIDERS_CHANGED
ADDED from src/main/AndroidManifest.xml:96:17-77
	android:name
		ADDED from src/main/AndroidManifest.xml:96:25-74
activity#com.nuums.nuums.activity.Base2Activity
ADDED from src/main/AndroidManifest.xml:101:9-106:20
	android:screenOrientation
		ADDED from src/main/AndroidManifest.xml:104:13-49
	android:windowSoftInputMode
		ADDED from src/main/AndroidManifest.xml:105:13-54
	android:theme
		ADDED from src/main/AndroidManifest.xml:103:13-66
	android:name
		ADDED from src/main/AndroidManifest.xml:102:13-51
activity#com.nuums.nuums.activity.Base3Activity
ADDED from src/main/AndroidManifest.xml:107:9-112:20
	android:screenOrientation
		ADDED from src/main/AndroidManifest.xml:110:13-49
	android:windowSoftInputMode
		ADDED from src/main/AndroidManifest.xml:111:13-54
	android:theme
		ADDED from src/main/AndroidManifest.xml:109:13-53
	android:name
		ADDED from src/main/AndroidManifest.xml:108:13-51
receiver#com.yongtrim.lib.model.location.GpsLocationReceiver
ADDED from src/main/AndroidManifest.xml:116:9-121:20
	android:name
		ADDED from src/main/AndroidManifest.xml:116:19-85
intent-filter#action:name:android.location.PROVIDERS_CHANGED+category:name:android.intent.category.DEFAULT
ADDED from src/main/AndroidManifest.xml:117:13-120:29
receiver#com.yongtrim.lib.message.GcmBroadcastReceiver
ADDED from src/main/AndroidManifest.xml:123:9-134:20
	android:permission
		ADDED from src/main/AndroidManifest.xml:125:13-73
	android:name
		ADDED from src/main/AndroidManifest.xml:124:13-73
intent-filter#action:name:com.google.android.c2dm.intent.RECEIVE+category:name:com.nuums.nuums
ADDED from src/main/AndroidManifest.xml:126:13-133:29
action#com.google.android.c2dm.intent.RECEIVE
ADDED from src/main/AndroidManifest.xml:128:17-81
	android:name
		ADDED from src/main/AndroidManifest.xml:128:25-78
category#com.nuums.nuums
ADDED from src/main/AndroidManifest.xml:132:17-60
	android:name
		ADDED from src/main/AndroidManifest.xml:132:27-57
service#com.yongtrim.lib.message.GcmIntentService
ADDED from src/main/AndroidManifest.xml:136:9-85
	android:name
		ADDED from src/main/AndroidManifest.xml:136:18-74
activity#com.facebook.FacebookActivity
ADDED from src/main/AndroidManifest.xml:139:9-142:48
	android:label
		ADDED from src/main/AndroidManifest.xml:142:13-45
	android:configChanges
		ADDED from src/main/AndroidManifest.xml:140:13-96
	android:theme
		ADDED from src/main/AndroidManifest.xml:141:13-72
	android:name
		ADDED from src/main/AndroidManifest.xml:139:19-63
meta-data#com.facebook.sdk.ApplicationId
ADDED from src/main/AndroidManifest.xml:144:9-146:49
	android:value
		ADDED from src/main/AndroidManifest.xml:146:13-46
	android:name
		ADDED from src/main/AndroidManifest.xml:145:13-58
provider#com.facebook.FacebookContentProvider
ADDED from src/main/AndroidManifest.xml:149:9-152:39
	android:authorities
		ADDED from src/main/AndroidManifest.xml:151:13-90
	android:exported
		ADDED from src/main/AndroidManifest.xml:152:13-36
	android:name
		ADDED from src/main/AndroidManifest.xml:150:13-64
activity#org.acra.CrashReportDialog
ADDED from src/main/AndroidManifest.xml:154:9-160:15
	android:excludeFromRecents
		ADDED from src/main/AndroidManifest.xml:158:13-46
	android:launchMode
		ADDED from src/main/AndroidManifest.xml:157:13-48
	android:theme
		ADDED from src/main/AndroidManifest.xml:156:13-56
	android:finishOnTaskLaunch
		ADDED from src/main/AndroidManifest.xml:159:13-46
	android:name
		ADDED from src/main/AndroidManifest.xml:155:13-54
activity#com.yongtrim.lib.activity.imagepicker.ImagePickerActivity
ADDED from src/main/AndroidManifest.xml:162:9-166:20
	android:screenOrientation
		ADDED from src/main/AndroidManifest.xml:163:13-49
	android:label
		ADDED from src/main/AndroidManifest.xml:164:13-40
	android:icon
		ADDED from src/main/AndroidManifest.xml:165:13-39
	android:name
		ADDED from src/main/AndroidManifest.xml:162:19-91
activity#com.nuums.nuums.activity.GalleryActivity
ADDED from src/main/AndroidManifest.xml:170:9-175:20
	android:screenOrientation
		ADDED from src/main/AndroidManifest.xml:172:13-49
	android:theme
		ADDED from src/main/AndroidManifest.xml:173:13-66
	android:name
		ADDED from src/main/AndroidManifest.xml:171:13-53
uses-sdk
INJECTED from src/main/AndroidManifest.xml reason: use-sdk injection requested
INJECTED from src/main/AndroidManifest.xml
INJECTED from src/main/AndroidManifest.xml
MERGED from [com.google.android.gms:play-services:6.1.71] AndroidManifest.xml:15:5-42
MERGED from [com.google.android.gms:play-services:6.1.71] AndroidManifest.xml:15:5-42
MERGED from [com.android.support:appcompat-v7:28.0.0-alpha1] AndroidManifest.xml:21:5-44
MERGED from [com.android.support:appcompat-v7:28.0.0-alpha1] AndroidManifest.xml:21:5-44
MERGED from [com.sromku:simple-fb:4.0.6] AndroidManifest.xml:8:5-10:41
MERGED from [com.sromku:simple-fb:4.0.6] AndroidManifest.xml:8:5-10:41
MERGED from [com.facebook.android:facebook-android-sdk:4.3.0] AndroidManifest.xml:24:5-26:41
MERGED from [com.facebook.android:facebook-android-sdk:4.3.0] AndroidManifest.xml:24:5-26:41
MERGED from [com.android.support:support-v4:28.0.0-alpha1] AndroidManifest.xml:21:5-44
MERGED from [com.android.support:support-v4:28.0.0-alpha1] AndroidManifest.xml:21:5-44
MERGED from [com.android.support:multidex:1.0.0] AndroidManifest.xml:18:5-42
MERGED from [com.android.support:multidex:1.0.0] AndroidManifest.xml:18:5-42
MERGED from [:androiddatepickerLibrary] AndroidManifest.xml:7:5-9:41
MERGED from [:androiddatepickerLibrary] AndroidManifest.xml:7:5-9:41
MERGED from [:androidnumberpickerLibrary] AndroidManifest.xml:7:5-9:41
MERGED from [:androidnumberpickerLibrary] AndroidManifest.xml:7:5-9:41
MERGED from [com.kakao.sdk:kakaolink:1.1.2] AndroidManifest.xml:10:5-12:41
MERGED from [com.kakao.sdk:kakaolink:1.1.2] AndroidManifest.xml:10:5-12:41
MERGED from [com.kakao.sdk:kakaostory:1.1.2] AndroidManifest.xml:10:5-12:41
MERGED from [com.kakao.sdk:kakaostory:1.1.2] AndroidManifest.xml:10:5-12:41
MERGED from [com.kakao.sdk:kakaotalk:1.1.2] AndroidManifest.xml:10:5-12:41
MERGED from [com.kakao.sdk:kakaotalk:1.1.2] AndroidManifest.xml:10:5-12:41
MERGED from [com.kakao.sdk:usermgmt:1.1.2] AndroidManifest.xml:10:5-12:41
MERGED from [com.kakao.sdk:usermgmt:1.1.2] AndroidManifest.xml:10:5-12:41
MERGED from [com.android.support:support-fragment:28.0.0-alpha1] AndroidManifest.xml:21:5-44
MERGED from [com.android.support:support-fragment:28.0.0-alpha1] AndroidManifest.xml:21:5-44
MERGED from [com.android.support:animated-vector-drawable:28.0.0-alpha1] AndroidManifest.xml:21:5-44
MERGED from [com.android.support:animated-vector-drawable:28.0.0-alpha1] AndroidManifest.xml:21:5-44
MERGED from [com.android.support:support-core-ui:28.0.0-alpha1] AndroidManifest.xml:21:5-44
MERGED from [com.android.support:support-core-ui:28.0.0-alpha1] AndroidManifest.xml:21:5-44
MERGED from [com.android.support:support-core-utils:28.0.0-alpha1] AndroidManifest.xml:21:5-44
MERGED from [com.android.support:support-core-utils:28.0.0-alpha1] AndroidManifest.xml:21:5-44
MERGED from [com.android.support:support-vector-drawable:28.0.0-alpha1] AndroidManifest.xml:20:5-44
MERGED from [com.android.support:support-vector-drawable:28.0.0-alpha1] AndroidManifest.xml:20:5-44
MERGED from [com.android.support:loader:28.0.0-alpha1] AndroidManifest.xml:21:5-44
MERGED from [com.android.support:loader:28.0.0-alpha1] AndroidManifest.xml:21:5-44
MERGED from [com.android.support:viewpager:28.0.0-alpha1] AndroidManifest.xml:21:5-44
MERGED from [com.android.support:viewpager:28.0.0-alpha1] AndroidManifest.xml:21:5-44
MERGED from [com.android.support:coordinatorlayout:28.0.0-alpha1] AndroidManifest.xml:21:5-44
MERGED from [com.android.support:coordinatorlayout:28.0.0-alpha1] AndroidManifest.xml:21:5-44
MERGED from [com.android.support:drawerlayout:28.0.0-alpha1] AndroidManifest.xml:21:5-44
MERGED from [com.android.support:drawerlayout:28.0.0-alpha1] AndroidManifest.xml:21:5-44
MERGED from [com.android.support:slidingpanelayout:28.0.0-alpha1] AndroidManifest.xml:21:5-44
MERGED from [com.android.support:slidingpanelayout:28.0.0-alpha1] AndroidManifest.xml:21:5-44
MERGED from [com.android.support:customview:28.0.0-alpha1] AndroidManifest.xml:21:5-44
MERGED from [com.android.support:customview:28.0.0-alpha1] AndroidManifest.xml:21:5-44
MERGED from [com.android.support:swiperefreshlayout:28.0.0-alpha1] AndroidManifest.xml:21:5-44
MERGED from [com.android.support:swiperefreshlayout:28.0.0-alpha1] AndroidManifest.xml:21:5-44
MERGED from [com.android.support:asynclayoutinflater:28.0.0-alpha1] AndroidManifest.xml:21:5-44
MERGED from [com.android.support:asynclayoutinflater:28.0.0-alpha1] AndroidManifest.xml:21:5-44
MERGED from [com.android.support:support-media-compat:28.0.0-alpha1] AndroidManifest.xml:21:5-44
MERGED from [com.android.support:support-media-compat:28.0.0-alpha1] AndroidManifest.xml:21:5-44
MERGED from [com.android.support:support-compat:28.0.0-alpha1] AndroidManifest.xml:21:5-44
MERGED from [com.android.support:support-compat:28.0.0-alpha1] AndroidManifest.xml:21:5-44
MERGED from [com.android.support:documentfile:28.0.0-alpha1] AndroidManifest.xml:21:5-44
MERGED from [com.android.support:documentfile:28.0.0-alpha1] AndroidManifest.xml:21:5-44
MERGED from [com.android.support:localbroadcastmanager:28.0.0-alpha1] AndroidManifest.xml:21:5-44
MERGED from [com.android.support:localbroadcastmanager:28.0.0-alpha1] AndroidManifest.xml:21:5-44
MERGED from [com.android.support:print:28.0.0-alpha1] AndroidManifest.xml:21:5-44
MERGED from [com.android.support:print:28.0.0-alpha1] AndroidManifest.xml:21:5-44
MERGED from [com.android.support:interpolator:28.0.0-alpha1] AndroidManifest.xml:21:5-44
MERGED from [com.android.support:interpolator:28.0.0-alpha1] AndroidManifest.xml:21:5-44
MERGED from [com.android.support:cursoradapter:28.0.0-alpha1] AndroidManifest.xml:21:5-44
MERGED from [com.android.support:cursoradapter:28.0.0-alpha1] AndroidManifest.xml:21:5-44
MERGED from [:androidcalendarviewLibrary] AndroidManifest.xml:7:5-9:41
MERGED from [:androidcalendarviewLibrary] AndroidManifest.xml:7:5-9:41
MERGED from [com.kakao.sdk:auth:1.1.2] AndroidManifest.xml:10:5-12:41
MERGED from [com.kakao.sdk:auth:1.1.2] AndroidManifest.xml:10:5-12:41
MERGED from [com.kakao.sdk:util:1.1.2] AndroidManifest.xml:10:5-12:41
MERGED from [com.kakao.sdk:util:1.1.2] AndroidManifest.xml:10:5-12:41
MERGED from [android.arch.lifecycle:viewmodel:1.1.0] AndroidManifest.xml:20:5-44
MERGED from [android.arch.lifecycle:viewmodel:1.1.0] AndroidManifest.xml:20:5-44
MERGED from [android.arch.lifecycle:runtime:1.1.0] AndroidManifest.xml:20:5-44
MERGED from [android.arch.lifecycle:runtime:1.1.0] AndroidManifest.xml:20:5-44
MERGED from [android.arch.lifecycle:livedata-core:1.1.0] AndroidManifest.xml:20:5-44
MERGED from [android.arch.lifecycle:livedata-core:1.1.0] AndroidManifest.xml:20:5-44
MERGED from [android.arch.core:runtime:1.1.0] AndroidManifest.xml:20:5-44
MERGED from [android.arch.core:runtime:1.1.0] AndroidManifest.xml:20:5-44
INJECTED from src/main/AndroidManifest.xml
INJECTED from src/main/AndroidManifest.xml
	android:targetSdkVersion
		INJECTED from src/main/AndroidManifest.xml
		ADDED from src/main/AndroidManifest.xml
		INJECTED from src/main/AndroidManifest.xml
	android:minSdkVersion
		INJECTED from src/main/AndroidManifest.xml
		ADDED from src/main/AndroidManifest.xml
		INJECTED from src/main/AndroidManifest.xml